#! /usr/bin/vvp
:ivl_version "10.3 (stable)";
:ivl_delay_selection "TYPICAL";
:vpi_time_precision + 0;
:vpi_module "system";
:vpi_module "vhdl_sys";
:vpi_module "v2005_math";
:vpi_module "va_math";
S_0x5599306d7bb0 .scope module, "tst" "tst" 2 6;
 .timescale 0 0;
v0x5599306ec360_0 .var "clk", 0 0;
v0x5599306ec420_0 .net "out", 0 0, v0x5599306ebf80_0;  1 drivers
v0x5599306ec4f0_0 .var "pos", 2 0;
v0x5599306ec5c0_0 .var "reset", 0 0;
v0x5599306ec690_0 .var "x", 7 0;
L_0x5599306ec780 .part/v v0x5599306ec690_0, v0x5599306ec4f0_0, 1;
S_0x5599306d7d30 .scope module, "m1" "div_by_three" 2 11, 3 5 0, S_0x5599306d7bb0;
 .timescale 0 0;
    .port_info 0 /INPUT 1 "clk"
    .port_info 1 /INPUT 1 "reset"
    .port_info 2 /INPUT 1 "x"
    .port_info 3 /OUTPUT 1 "out"
P_0x55993069e030 .param/l "S0" 0 3 8, +C4<00000000000000000000000000000000>;
P_0x55993069e070 .param/l "S1" 0 3 9, +C4<00000000000000000000000000000001>;
P_0x55993069e0b0 .param/l "S2" 0 3 10, +C4<00000000000000000000000000000010>;
v0x55993069e250_0 .net "clk", 0 0, v0x5599306ec360_0;  1 drivers
v0x5599306ebec0_0 .var "next_state", 0 0;
v0x5599306ebf80_0 .var "out", 0 0;
v0x5599306ec050_0 .net "reset", 0 0, v0x5599306ec5c0_0;  1 drivers
v0x5599306ec110_0 .var "state", 0 0;
v0x5599306ec220_0 .net "x", 0 0, L_0x5599306ec780;  1 drivers
E_0x5599306d3830 .event edge, v0x5599306ec110_0, v0x5599306ec220_0;
E_0x5599306d3560 .event posedge, v0x5599306ec050_0, v0x55993069e250_0;
    .scope S_0x5599306d7d30;
T_0 ;
    %wait E_0x5599306d3560;
    %load/vec4 v0x5599306ec050_0;
    %flag_set/vec4 8;
    %jmp/0xz  T_0.0, 8;
    %pushi/vec4 0, 0, 1;
    %assign/vec4 v0x5599306ec110_0, 0;
    %jmp T_0.1;
T_0.0 ;
    %load/vec4 v0x5599306ebec0_0;
    %assign/vec4 v0x5599306ec110_0, 0;
T_0.1 ;
    %jmp T_0;
    .thread T_0;
    .scope S_0x5599306d7d30;
T_1 ;
    %wait E_0x5599306d3830;
    %load/vec4 v0x5599306ec110_0;
    %pad/u 2;
    %dup/vec4;
    %pushi/vec4 0, 0, 2;
    %cmp/u;
    %jmp/1 T_1.0, 6;
    %dup/vec4;
    %pushi/vec4 1, 0, 2;
    %cmp/u;
    %jmp/1 T_1.1, 6;
    %dup/vec4;
    %pushi/vec4 2, 0, 2;
    %cmp/u;
    %jmp/1 T_1.2, 6;
    %jmp T_1.3;
T_1.0 ;
    %load/vec4 v0x5599306ec220_0;
    %flag_set/vec4 8;
    %jmp/0xz  T_1.4, 8;
    %pushi/vec4 1, 0, 1;
    %assign/vec4 v0x5599306ebec0_0, 0;
    %pushi/vec4 0, 0, 1;
    %assign/vec4 v0x5599306ebf80_0, 0;
    %jmp T_1.5;
T_1.4 ;
    %pushi/vec4 0, 0, 1;
    %assign/vec4 v0x5599306ebec0_0, 0;
    %pushi/vec4 1, 0, 1;
    %assign/vec4 v0x5599306ebf80_0, 0;
T_1.5 ;
    %jmp T_1.3;
T_1.1 ;
    %load/vec4 v0x5599306ec220_0;
    %flag_set/vec4 8;
    %jmp/0xz  T_1.6, 8;
    %pushi/vec4 0, 0, 1;
    %assign/vec4 v0x5599306ebec0_0, 0;
    %pushi/vec4 1, 0, 1;
    %assign/vec4 v0x5599306ebf80_0, 0;
    %jmp T_1.7;
T_1.6 ;
    %pushi/vec4 0, 0, 1;
    %assign/vec4 v0x5599306ebec0_0, 0;
    %pushi/vec4 0, 0, 1;
    %assign/vec4 v0x5599306ebf80_0, 0;
T_1.7 ;
    %jmp T_1.3;
T_1.2 ;
    %load/vec4 v0x5599306ec220_0;
    %flag_set/vec4 8;
    %jmp/0xz  T_1.8, 8;
    %pushi/vec4 0, 0, 1;
    %assign/vec4 v0x5599306ebec0_0, 0;
    %pushi/vec4 0, 0, 1;
    %assign/vec4 v0x5599306ebf80_0, 0;
    %jmp T_1.9;
T_1.8 ;
    %pushi/vec4 1, 0, 1;
    %assign/vec4 v0x5599306ebec0_0, 0;
    %pushi/vec4 0, 0, 1;
    %assign/vec4 v0x5599306ebf80_0, 0;
T_1.9 ;
    %jmp T_1.3;
T_1.3 ;
    %pop/vec4 1;
    %jmp T_1;
    .thread T_1, $push;
    .scope S_0x5599306d7bb0;
T_2 ;
    %vpi_call 2 13 "$monitor", "time = %t        x = %b, pos = %d , out = %b", $time, v0x5599306ec690_0, v0x5599306ec4f0_0, v0x5599306ec420_0 {0 0 0};
    %pushi/vec4 115, 0, 8;
    %store/vec4 v0x5599306ec690_0, 0, 8;
    %pushi/vec4 0, 0, 3;
    %store/vec4 v0x5599306ec4f0_0, 0, 3;
    %pushi/vec4 1, 0, 1;
    %store/vec4 v0x5599306ec5c0_0, 0, 1;
    %pushi/vec4 1, 0, 1;
    %store/vec4 v0x5599306ec360_0, 0, 1;
    %delay 2, 0;
    %pushi/vec4 0, 0, 1;
    %store/vec4 v0x5599306ec5c0_0, 0, 1;
    %delay 75, 0;
    %vpi_call 2 19 "$finish" {0 0 0};
    %end;
    .thread T_2;
    .scope S_0x5599306d7bb0;
T_3 ;
    %delay 5, 0;
    %load/vec4 v0x5599306ec360_0;
    %inv;
    %store/vec4 v0x5599306ec360_0, 0, 1;
    %jmp T_3;
    .thread T_3;
    .scope S_0x5599306d7bb0;
T_4 ;
    %delay 10, 0;
    %load/vec4 v0x5599306ec4f0_0;
    %addi 1, 0, 3;
    %store/vec4 v0x5599306ec4f0_0, 0, 3;
    %jmp T_4;
    .thread T_4;
# The file index is used to find the file name in the following table.
:file_names 4;
    "N/A";
    "<interactive>";
    "test_bench.v";
    "div_by_3_detector.v";
