#! /usr/bin/vvp
:ivl_version "10.3 (stable)";
:ivl_delay_selection "TYPICAL";
:vpi_time_precision + 0;
:vpi_module "system";
:vpi_module "vhdl_sys";
:vpi_module "v2005_math";
:vpi_module "va_math";
S_0x564ffb0a3f10 .scope module, "tb_alu" "tb_alu" 2 3;
 .timescale 0 0;
v0x564ffb0d20b0_0 .var "A", 3 0;
v0x564ffb0d2190_0 .var "ALU_Sel", 3 0;
v0x564ffb0d2230_0 .var "B", 3 0;
v0x564ffb0d2330_0 .net "Cn4", 0 0, L_0x564ffb0aeca0;  1 drivers
v0x564ffb0d2400_0 .net "F", 3 0, L_0x564ffb06a9e0;  1 drivers
v0x564ffb0d24f0_0 .net "G", 0 0, L_0x564ffb0d8850;  1 drivers
v0x564ffb0d2590_0 .var "M", 0 0;
v0x564ffb0d2660_0 .net "P", 0 0, L_0x564ffb0d7b80;  1 drivers
v0x564ffb0d2700_0 .var "cin", 0 0;
v0x564ffb0d2860_0 .net "equality_check", 0 0, L_0x564ffb0d2ac0;  1 drivers
v0x564ffb0d2930_0 .var/i "i", 31 0;
S_0x564ffb05f560 .scope module, "test_unit" "alu" 2 13, 3 59 0, S_0x564ffb0a3f10;
 .timescale 0 0;
    .port_info 0 /INPUT 4 "A"
    .port_info 1 /INPUT 4 "B"
    .port_info 2 /INPUT 4 "ALU_Sel"
    .port_info 3 /INPUT 1 "M"
    .port_info 4 /INPUT 1 "cin"
    .port_info 5 /OUTPUT 1 "Cn4"
    .port_info 6 /OUTPUT 1 "equality_check"
    .port_info 7 /OUTPUT 1 "P"
    .port_info 8 /OUTPUT 1 "G"
    .port_info 9 /OUTPUT 4 "F"
L_0x564ffb06a9e0 .functor NOT 4, L_0x564ffb0d5220, C4<0000>, C4<0000>, C4<0000>;
L_0x564ffb0aeca0 .functor NOT 1, L_0x564ffb0d90a0, C4<0>, C4<0>, C4<0>;
L_0x564ffb0d2ac0 .functor BUFZ 1, v0x564ffb0d1c70_0, C4<0>, C4<0>, C4<0>;
v0x564ffb0d1290_0 .net "A", 3 0, v0x564ffb0d20b0_0;  1 drivers
v0x564ffb0d1390_0 .net "ALU_Result", 3 0, L_0x564ffb0d5220;  1 drivers
v0x564ffb0d1450_0 .net "ALU_Sel", 3 0, v0x564ffb0d2190_0;  1 drivers
v0x564ffb0d14f0_0 .net "B", 3 0, v0x564ffb0d2230_0;  1 drivers
v0x564ffb0d15d0_0 .var "Cn", 0 0;
v0x564ffb0d1690_0 .net "Cn4", 0 0, L_0x564ffb0aeca0;  alias, 1 drivers
v0x564ffb0d1750_0 .net "F", 3 0, L_0x564ffb06a9e0;  alias, 1 drivers
v0x564ffb0d1830_0 .net "G", 0 0, L_0x564ffb0d8850;  alias, 1 drivers
v0x564ffb0d1920_0 .net "M", 0 0, v0x564ffb0d2590_0;  1 drivers
v0x564ffb0d1a70_0 .net "P", 0 0, L_0x564ffb0d7b80;  alias, 1 drivers
v0x564ffb0d1b10_0 .net "cin", 0 0, v0x564ffb0d2700_0;  1 drivers
v0x564ffb0d1bd0_0 .net "cout", 0 0, L_0x564ffb0d90a0;  1 drivers
v0x564ffb0d1c70_0 .var "eq_check", 0 0;
v0x564ffb0d1d10_0 .net "equality_check", 0 0, L_0x564ffb0d2ac0;  alias, 1 drivers
v0x564ffb0d1dd0_0 .var "op1", 3 0;
v0x564ffb0d1e90_0 .var "op2", 3 0;
E_0x564ffb032a90/0 .event edge, v0x564ffb0d1450_0, v0x564ffb0d1920_0, v0x564ffb0d1290_0, v0x564ffb0d1b10_0;
E_0x564ffb032a90/1 .event edge, v0x564ffb0d14f0_0;
E_0x564ffb032a90 .event/or E_0x564ffb032a90/0, E_0x564ffb032a90/1;
E_0x564ffb067500 .event edge, v0x564ffb0d14f0_0, v0x564ffb0d1290_0;
S_0x564ffb0a3bb0 .scope module, "m1" "carryLookAhead4bit" 3 76, 3 28 0, S_0x564ffb05f560;
 .timescale 0 0;
    .port_info 0 /INPUT 4 "a"
    .port_info 1 /INPUT 4 "b"
    .port_info 2 /INPUT 1 "cin"
    .port_info 3 /OUTPUT 4 "sum"
    .port_info 4 /OUTPUT 1 "pg"
    .port_info 5 /OUTPUT 1 "gg"
    .port_info 6 /OUTPUT 1 "c4"
v0x564ffb0d0940_0 .net "a", 3 0, v0x564ffb0d1dd0_0;  1 drivers
v0x564ffb0d0a40_0 .net "b", 3 0, v0x564ffb0d1e90_0;  1 drivers
v0x564ffb0d0b20_0 .net "c4", 0 0, L_0x564ffb0d90a0;  alias, 1 drivers
v0x564ffb0d0bc0_0 .net "carry", 4 0, L_0x564ffb0d6620;  1 drivers
v0x564ffb0d0c80_0 .net "cin", 0 0, v0x564ffb0d15d0_0;  1 drivers
v0x564ffb0d0d20_0 .net "g", 3 0, L_0x564ffb0d5570;  1 drivers
v0x564ffb0d0dc0_0 .net "gg", 0 0, L_0x564ffb0d8850;  alias, 1 drivers
v0x564ffb0d0e60_0 .net "p", 3 0, L_0x564ffb0d5310;  1 drivers
v0x564ffb0d0f20_0 .net "pg", 0 0, L_0x564ffb0d7b80;  alias, 1 drivers
v0x564ffb0d0fc0_0 .net "sum", 3 0, L_0x564ffb0d5220;  alias, 1 drivers
L_0x7f9669c3b018 .functor BUFT 1, C4<0>, C4<0>, C4<0>, C4<0>;
RS_0x7f9669c84168 .resolv tri, L_0x564ffb0d2fa0, L_0x564ffb0d3940, L_0x564ffb0d4260, L_0x564ffb0d4c80, L_0x7f9669c3b018;
v0x564ffb0d1080_0 .net8 "temp", 0 0, RS_0x7f9669c84168;  5 drivers
L_0x564ffb0d3320 .part v0x564ffb0d1dd0_0, 0, 1;
L_0x564ffb0d33c0 .part v0x564ffb0d1e90_0, 0, 1;
L_0x564ffb0d3460 .part L_0x564ffb0d6620, 0, 1;
L_0x564ffb0d3cc0 .part v0x564ffb0d1dd0_0, 1, 1;
L_0x564ffb0d3d90 .part v0x564ffb0d1e90_0, 1, 1;
L_0x564ffb0d3e30 .part L_0x564ffb0d6620, 1, 1;
L_0x564ffb0d45e0 .part v0x564ffb0d1dd0_0, 2, 1;
L_0x564ffb0d4710 .part v0x564ffb0d1e90_0, 2, 1;
L_0x564ffb0d4890 .part L_0x564ffb0d6620, 2, 1;
L_0x564ffb0d4f70 .part v0x564ffb0d1dd0_0, 3, 1;
L_0x564ffb0d5070 .part v0x564ffb0d1e90_0, 3, 1;
L_0x564ffb0d5110 .part L_0x564ffb0d6620, 3, 1;
L_0x564ffb0d5220 .concat8 [ 1 1 1 1], L_0x564ffb0d2bf0, L_0x564ffb0d35c0, L_0x564ffb0d3f80, L_0x564ffb0d4a30;
L_0x564ffb0d5310 .concat8 [ 1 1 1 1], L_0x564ffb0d3040, L_0x564ffb0d39e0, L_0x564ffb0d4300, L_0x564ffb0d4d20;
L_0x564ffb0d5570 .concat8 [ 1 1 1 1], L_0x564ffb0d32b0, L_0x564ffb0d3c50, L_0x564ffb0d4570, L_0x564ffb0d4f00;
L_0x564ffb0d68c0 .part L_0x564ffb0d5310, 0, 1;
L_0x564ffb0d89f0 .part L_0x564ffb0d5570, 0, 1;
L_0x564ffb0d8ae0 .part L_0x564ffb0d5310, 1, 1;
L_0x564ffb0d8c20 .part L_0x564ffb0d5570, 1, 1;
L_0x564ffb0d8cc0 .part L_0x564ffb0d5310, 2, 1;
L_0x564ffb0d8b80 .part L_0x564ffb0d5570, 2, 1;
L_0x564ffb0d8ea0 .part L_0x564ffb0d5310, 3, 1;
L_0x564ffb0d9000 .part L_0x564ffb0d5570, 3, 1;
L_0x564ffb0d90a0 .part L_0x564ffb0d6620, 4, 1;
S_0x564ffb0a3790 .scope generate, "genblk1[0]" "genblk1[0]" 3 37, 3 37 0, S_0x564ffb0a3bb0;
 .timescale 0 0;
P_0x564ffb095b00 .param/l "i" 0 3 37, +C4<00>;
S_0x564ffb0a33b0 .scope module, "fa" "add" 3 39, 3 2 0, S_0x564ffb0a3790;
 .timescale 0 0;
    .port_info 0 /INPUT 1 "a"
    .port_info 1 /INPUT 1 "b"
    .port_info 2 /INPUT 1 "cin"
    .port_info 3 /OUTPUT 1 "cout"
    .port_info 4 /OUTPUT 1 "s"
    .port_info 5 /OUTPUT 1 "p"
    .port_info 6 /OUTPUT 1 "g"
L_0x564ffb0d2b80 .functor XOR 1, L_0x564ffb0d3320, L_0x564ffb0d33c0, C4<0>, C4<0>;
L_0x564ffb0d2bf0 .functor XOR 1, L_0x564ffb0d2b80, L_0x564ffb0d3460, C4<0>, C4<0>;
L_0x564ffb0d2cb0 .functor AND 1, L_0x564ffb0d3320, L_0x564ffb0d33c0, C4<1>, C4<1>;
L_0x564ffb0d2df0 .functor XOR 1, L_0x564ffb0d3320, L_0x564ffb0d33c0, C4<0>, C4<0>;
L_0x564ffb0d2e90 .functor AND 1, L_0x564ffb0d3460, L_0x564ffb0d2df0, C4<1>, C4<1>;
L_0x564ffb0d3040 .functor XOR 1, L_0x564ffb0d3320, L_0x564ffb0d33c0, C4<0>, C4<0>;
L_0x564ffb0d32b0 .functor AND 1, L_0x564ffb0d3320, L_0x564ffb0d33c0, C4<1>, C4<1>;
v0x564ffb0659e0_0 .net *"_s0", 0 0, L_0x564ffb0d2b80;  1 drivers
v0x564ffb092d40_0 .net *"_s4", 0 0, L_0x564ffb0d2cb0;  1 drivers
v0x564ffb0aef30_0 .net *"_s6", 0 0, L_0x564ffb0d2df0;  1 drivers
v0x564ffb0aefd0_0 .net *"_s8", 0 0, L_0x564ffb0d2e90;  1 drivers
v0x564ffb0c9fb0_0 .net "a", 0 0, L_0x564ffb0d3320;  1 drivers
v0x564ffb0ca0c0_0 .net "b", 0 0, L_0x564ffb0d33c0;  1 drivers
v0x564ffb0ca180_0 .net "cin", 0 0, L_0x564ffb0d3460;  1 drivers
v0x564ffb0ca240_0 .net8 "cout", 0 0, RS_0x7f9669c84168;  alias, 5 drivers
v0x564ffb0ca300_0 .net "g", 0 0, L_0x564ffb0d32b0;  1 drivers
v0x564ffb0ca3c0_0 .net "p", 0 0, L_0x564ffb0d3040;  1 drivers
v0x564ffb0ca480_0 .net "s", 0 0, L_0x564ffb0d2bf0;  1 drivers
L_0x564ffb0d2fa0 .arith/sum 1, L_0x564ffb0d2cb0, L_0x564ffb0d2e90;
S_0x564ffb0ca620 .scope generate, "genblk1[1]" "genblk1[1]" 3 37, 3 37 0, S_0x564ffb0a3bb0;
 .timescale 0 0;
P_0x564ffb0ca7e0 .param/l "i" 0 3 37, +C4<01>;
S_0x564ffb0ca8a0 .scope module, "fa" "add" 3 39, 3 2 0, S_0x564ffb0ca620;
 .timescale 0 0;
    .port_info 0 /INPUT 1 "a"
    .port_info 1 /INPUT 1 "b"
    .port_info 2 /INPUT 1 "cin"
    .port_info 3 /OUTPUT 1 "cout"
    .port_info 4 /OUTPUT 1 "s"
    .port_info 5 /OUTPUT 1 "p"
    .port_info 6 /OUTPUT 1 "g"
L_0x564ffb0d3550 .functor XOR 1, L_0x564ffb0d3cc0, L_0x564ffb0d3d90, C4<0>, C4<0>;
L_0x564ffb0d35c0 .functor XOR 1, L_0x564ffb0d3550, L_0x564ffb0d3e30, C4<0>, C4<0>;
L_0x564ffb0d3680 .functor AND 1, L_0x564ffb0d3cc0, L_0x564ffb0d3d90, C4<1>, C4<1>;
L_0x564ffb0d3790 .functor XOR 1, L_0x564ffb0d3cc0, L_0x564ffb0d3d90, C4<0>, C4<0>;
L_0x564ffb0d3830 .functor AND 1, L_0x564ffb0d3e30, L_0x564ffb0d3790, C4<1>, C4<1>;
L_0x564ffb0d39e0 .functor XOR 1, L_0x564ffb0d3cc0, L_0x564ffb0d3d90, C4<0>, C4<0>;
L_0x564ffb0d3c50 .functor AND 1, L_0x564ffb0d3cc0, L_0x564ffb0d3d90, C4<1>, C4<1>;
v0x564ffb0cab20_0 .net *"_s0", 0 0, L_0x564ffb0d3550;  1 drivers
v0x564ffb0cac20_0 .net *"_s4", 0 0, L_0x564ffb0d3680;  1 drivers
v0x564ffb0cad00_0 .net *"_s6", 0 0, L_0x564ffb0d3790;  1 drivers
v0x564ffb0cadc0_0 .net *"_s8", 0 0, L_0x564ffb0d3830;  1 drivers
v0x564ffb0caea0_0 .net "a", 0 0, L_0x564ffb0d3cc0;  1 drivers
v0x564ffb0cafb0_0 .net "b", 0 0, L_0x564ffb0d3d90;  1 drivers
v0x564ffb0cb070_0 .net "cin", 0 0, L_0x564ffb0d3e30;  1 drivers
v0x564ffb0cb130_0 .net8 "cout", 0 0, RS_0x7f9669c84168;  alias, 5 drivers
v0x564ffb0cb1d0_0 .net "g", 0 0, L_0x564ffb0d3c50;  1 drivers
v0x564ffb0cb300_0 .net "p", 0 0, L_0x564ffb0d39e0;  1 drivers
v0x564ffb0cb3c0_0 .net "s", 0 0, L_0x564ffb0d35c0;  1 drivers
L_0x564ffb0d3940 .arith/sum 1, L_0x564ffb0d3680, L_0x564ffb0d3830;
S_0x564ffb0cb560 .scope generate, "genblk1[2]" "genblk1[2]" 3 37, 3 37 0, S_0x564ffb0a3bb0;
 .timescale 0 0;
P_0x564ffb0cb700 .param/l "i" 0 3 37, +C4<010>;
S_0x564ffb0cb7c0 .scope module, "fa" "add" 3 39, 3 2 0, S_0x564ffb0cb560;
 .timescale 0 0;
    .port_info 0 /INPUT 1 "a"
    .port_info 1 /INPUT 1 "b"
    .port_info 2 /INPUT 1 "cin"
    .port_info 3 /OUTPUT 1 "cout"
    .port_info 4 /OUTPUT 1 "s"
    .port_info 5 /OUTPUT 1 "p"
    .port_info 6 /OUTPUT 1 "g"
L_0x564ffb0d3f10 .functor XOR 1, L_0x564ffb0d45e0, L_0x564ffb0d4710, C4<0>, C4<0>;
L_0x564ffb0d3f80 .functor XOR 1, L_0x564ffb0d3f10, L_0x564ffb0d4890, C4<0>, C4<0>;
L_0x564ffb0d3ff0 .functor AND 1, L_0x564ffb0d45e0, L_0x564ffb0d4710, C4<1>, C4<1>;
L_0x564ffb0d40b0 .functor XOR 1, L_0x564ffb0d45e0, L_0x564ffb0d4710, C4<0>, C4<0>;
L_0x564ffb0d4150 .functor AND 1, L_0x564ffb0d4890, L_0x564ffb0d40b0, C4<1>, C4<1>;
L_0x564ffb0d4300 .functor XOR 1, L_0x564ffb0d45e0, L_0x564ffb0d4710, C4<0>, C4<0>;
L_0x564ffb0d4570 .functor AND 1, L_0x564ffb0d45e0, L_0x564ffb0d4710, C4<1>, C4<1>;
v0x564ffb0cba40_0 .net *"_s0", 0 0, L_0x564ffb0d3f10;  1 drivers
v0x564ffb0cbb40_0 .net *"_s4", 0 0, L_0x564ffb0d3ff0;  1 drivers
v0x564ffb0cbc20_0 .net *"_s6", 0 0, L_0x564ffb0d40b0;  1 drivers
v0x564ffb0cbce0_0 .net *"_s8", 0 0, L_0x564ffb0d4150;  1 drivers
v0x564ffb0cbdc0_0 .net "a", 0 0, L_0x564ffb0d45e0;  1 drivers
v0x564ffb0cbed0_0 .net "b", 0 0, L_0x564ffb0d4710;  1 drivers
v0x564ffb0cbf90_0 .net "cin", 0 0, L_0x564ffb0d4890;  1 drivers
v0x564ffb0cc050_0 .net8 "cout", 0 0, RS_0x7f9669c84168;  alias, 5 drivers
v0x564ffb0cc140_0 .net "g", 0 0, L_0x564ffb0d4570;  1 drivers
v0x564ffb0cc290_0 .net "p", 0 0, L_0x564ffb0d4300;  1 drivers
v0x564ffb0cc350_0 .net "s", 0 0, L_0x564ffb0d3f80;  1 drivers
L_0x564ffb0d4260 .arith/sum 1, L_0x564ffb0d3ff0, L_0x564ffb0d4150;
S_0x564ffb0cc530 .scope generate, "genblk1[3]" "genblk1[3]" 3 37, 3 37 0, S_0x564ffb0a3bb0;
 .timescale 0 0;
P_0x564ffb0cc6d0 .param/l "i" 0 3 37, +C4<011>;
S_0x564ffb0cc7b0 .scope module, "fa" "add" 3 39, 3 2 0, S_0x564ffb0cc530;
 .timescale 0 0;
    .port_info 0 /INPUT 1 "a"
    .port_info 1 /INPUT 1 "b"
    .port_info 2 /INPUT 1 "cin"
    .port_info 3 /OUTPUT 1 "cout"
    .port_info 4 /OUTPUT 1 "s"
    .port_info 5 /OUTPUT 1 "p"
    .port_info 6 /OUTPUT 1 "g"
L_0x564ffb0d49c0 .functor XOR 1, L_0x564ffb0d4f70, L_0x564ffb0d5070, C4<0>, C4<0>;
L_0x564ffb0d4a30 .functor XOR 1, L_0x564ffb0d49c0, L_0x564ffb0d5110, C4<0>, C4<0>;
L_0x564ffb0d4ad0 .functor AND 1, L_0x564ffb0d4f70, L_0x564ffb0d5070, C4<1>, C4<1>;
L_0x564ffb0d4b70 .functor XOR 1, L_0x564ffb0d4f70, L_0x564ffb0d5070, C4<0>, C4<0>;
L_0x564ffb0d4c10 .functor AND 1, L_0x564ffb0d5110, L_0x564ffb0d4b70, C4<1>, C4<1>;
L_0x564ffb0d4d20 .functor XOR 1, L_0x564ffb0d4f70, L_0x564ffb0d5070, C4<0>, C4<0>;
L_0x564ffb0d4f00 .functor AND 1, L_0x564ffb0d4f70, L_0x564ffb0d5070, C4<1>, C4<1>;
v0x564ffb0cca30_0 .net *"_s0", 0 0, L_0x564ffb0d49c0;  1 drivers
v0x564ffb0ccb30_0 .net *"_s4", 0 0, L_0x564ffb0d4ad0;  1 drivers
v0x564ffb0ccc10_0 .net *"_s6", 0 0, L_0x564ffb0d4b70;  1 drivers
v0x564ffb0cccd0_0 .net *"_s8", 0 0, L_0x564ffb0d4c10;  1 drivers
v0x564ffb0ccdb0_0 .net "a", 0 0, L_0x564ffb0d4f70;  1 drivers
v0x564ffb0ccec0_0 .net "b", 0 0, L_0x564ffb0d5070;  1 drivers
v0x564ffb0ccf80_0 .net "cin", 0 0, L_0x564ffb0d5110;  1 drivers
v0x564ffb0cd040_0 .net8 "cout", 0 0, RS_0x7f9669c84168;  alias, 5 drivers
v0x564ffb0cd0e0_0 .net "g", 0 0, L_0x564ffb0d4f00;  1 drivers
v0x564ffb0cd230_0 .net "p", 0 0, L_0x564ffb0d4d20;  1 drivers
v0x564ffb0cd2f0_0 .net "s", 0 0, L_0x564ffb0d4a30;  1 drivers
L_0x564ffb0d4c80 .arith/sum 1, L_0x564ffb0d4ad0, L_0x564ffb0d4c10;
S_0x564ffb0cd4d0 .scope module, "unit" "carryLookAhead" 3 45, 3 9 0, S_0x564ffb0a3bb0;
 .timescale 0 0;
    .port_info 0 /INPUT 1 "c0"
    .port_info 1 /INPUT 1 "p0"
    .port_info 2 /INPUT 1 "g0"
    .port_info 3 /INPUT 1 "p1"
    .port_info 4 /INPUT 1 "g1"
    .port_info 5 /INPUT 1 "p2"
    .port_info 6 /INPUT 1 "g2"
    .port_info 7 /INPUT 1 "p3"
    .port_info 8 /INPUT 1 "g3"
    .port_info 9 /OUTPUT 5 "carry"
    .port_info 10 /OUTPUT 1 "pg"
    .port_info 11 /OUTPUT 1 "gg"
L_0x564ffb0d51b0 .functor BUFZ 1, v0x564ffb0d15d0_0, C4<0>, C4<0>, C4<0>;
L_0x564ffb0d5750 .functor AND 1, L_0x564ffb0d68c0, v0x564ffb0d15d0_0, C4<1>, C4<1>;
L_0x564ffb0d5850 .functor OR 1, L_0x564ffb0d89f0, L_0x564ffb0d5750, C4<0>, C4<0>;
L_0x564ffb0d58c0 .functor AND 1, L_0x564ffb0d8ae0, L_0x564ffb0d89f0, C4<1>, C4<1>;
L_0x564ffb0d5980 .functor OR 1, L_0x564ffb0d8c20, L_0x564ffb0d58c0, C4<0>, C4<0>;
L_0x564ffb0d5a40 .functor AND 1, L_0x564ffb0d8ae0, L_0x564ffb0d68c0, C4<1>, C4<1>;
L_0x564ffb0d5b90 .functor AND 1, L_0x564ffb0d5a40, v0x564ffb0d15d0_0, C4<1>, C4<1>;
L_0x564ffb0d5c50 .functor OR 1, L_0x564ffb0d5980, L_0x564ffb0d5b90, C4<0>, C4<0>;
L_0x564ffb0d5db0 .functor AND 1, L_0x564ffb0d8cc0, L_0x564ffb0d8c20, C4<1>, C4<1>;
L_0x564ffb0d5e70 .functor OR 1, L_0x564ffb0d8b80, L_0x564ffb0d5db0, C4<0>, C4<0>;
L_0x564ffb0d5f90 .functor AND 1, L_0x564ffb0d8cc0, L_0x564ffb0d8ae0, C4<1>, C4<1>;
L_0x564ffb0d6000 .functor AND 1, L_0x564ffb0d5f90, L_0x564ffb0d89f0, C4<1>, C4<1>;
L_0x564ffb0d6130 .functor OR 1, L_0x564ffb0d5e70, L_0x564ffb0d6000, C4<0>, C4<0>;
L_0x564ffb0d6240 .functor AND 1, L_0x564ffb0d8cc0, L_0x564ffb0d8ae0, C4<1>, C4<1>;
L_0x564ffb0d60c0 .functor AND 1, L_0x564ffb0d6240, L_0x564ffb0d68c0, C4<1>, C4<1>;
L_0x564ffb0d63c0 .functor AND 1, L_0x564ffb0d60c0, v0x564ffb0d15d0_0, C4<1>, C4<1>;
L_0x564ffb0d6510 .functor OR 1, L_0x564ffb0d6130, L_0x564ffb0d63c0, C4<0>, C4<0>;
L_0x564ffb0d6800 .functor AND 1, L_0x564ffb0d8ea0, L_0x564ffb0d8b80, C4<1>, C4<1>;
L_0x564ffb0d6960 .functor OR 1, L_0x564ffb0d9000, L_0x564ffb0d6800, C4<0>, C4<0>;
L_0x564ffb0d6a20 .functor AND 1, L_0x564ffb0d8ea0, L_0x564ffb0d8cc0, C4<1>, C4<1>;
L_0x564ffb0d6b90 .functor AND 1, L_0x564ffb0d6a20, L_0x564ffb0d8c20, C4<1>, C4<1>;
L_0x564ffb0d6c00 .functor OR 1, L_0x564ffb0d6960, L_0x564ffb0d6b90, C4<0>, C4<0>;
L_0x564ffb0d6dd0 .functor AND 1, L_0x564ffb0d8ea0, L_0x564ffb0d8cc0, C4<1>, C4<1>;
L_0x564ffb0d6e40 .functor AND 1, L_0x564ffb0d6dd0, L_0x564ffb0d8ae0, C4<1>, C4<1>;
L_0x564ffb0d6fd0 .functor AND 1, L_0x564ffb0d6e40, L_0x564ffb0d89f0, C4<1>, C4<1>;
L_0x564ffb0d7120 .functor OR 1, L_0x564ffb0d6c00, L_0x564ffb0d6fd0, C4<0>, C4<0>;
L_0x564ffb0d72c0 .functor AND 1, L_0x564ffb0d8ea0, L_0x564ffb0d8cc0, C4<1>, C4<1>;
L_0x564ffb0d73c0 .functor AND 1, L_0x564ffb0d72c0, L_0x564ffb0d8ae0, C4<1>, C4<1>;
L_0x564ffb0d7520 .functor AND 1, L_0x564ffb0d73c0, L_0x564ffb0d68c0, C4<1>, C4<1>;
L_0x564ffb0d7670 .functor AND 1, L_0x564ffb0d7520, v0x564ffb0d15d0_0, C4<1>, C4<1>;
L_0x564ffb0d77e0 .functor OR 1, L_0x564ffb0d7120, L_0x564ffb0d7670, C4<0>, C4<0>;
L_0x564ffb0d7940 .functor AND 1, L_0x564ffb0d68c0, L_0x564ffb0d8ae0, C4<1>, C4<1>;
L_0x564ffb0d7ac0 .functor AND 1, L_0x564ffb0d7940, L_0x564ffb0d8cc0, C4<1>, C4<1>;
L_0x564ffb0d7b80 .functor AND 1, L_0x564ffb0d7ac0, L_0x564ffb0d8ea0, C4<1>, C4<1>;
L_0x564ffb0d7da0 .functor AND 1, L_0x564ffb0d8ea0, L_0x564ffb0d8b80, C4<1>, C4<1>;
L_0x564ffb0d7e10 .functor OR 1, L_0x564ffb0d9000, L_0x564ffb0d7da0, C4<0>, C4<0>;
L_0x564ffb0d7c80 .functor AND 1, L_0x564ffb0d8ea0, L_0x564ffb0d8cc0, C4<1>, C4<1>;
L_0x564ffb0d7cf0 .functor AND 1, L_0x564ffb0d7c80, L_0x564ffb0d8c20, C4<1>, C4<1>;
L_0x564ffb0d81e0 .functor OR 1, L_0x564ffb0d7e10, L_0x564ffb0d7cf0, C4<0>, C4<0>;
L_0x564ffb0d82a0 .functor AND 1, L_0x564ffb0d8ea0, L_0x564ffb0d8cc0, C4<1>, C4<1>;
L_0x564ffb0d8460 .functor AND 1, L_0x564ffb0d82a0, L_0x564ffb0d8ae0, C4<1>, C4<1>;
L_0x564ffb0d8630 .functor AND 1, L_0x564ffb0d8460, L_0x564ffb0d89f0, C4<1>, C4<1>;
L_0x564ffb0d8850 .functor OR 1, L_0x564ffb0d81e0, L_0x564ffb0d8630, C4<0>, C4<0>;
v0x564ffb0cd7d0_0 .net *"_s12", 0 0, L_0x564ffb0d58c0;  1 drivers
v0x564ffb0cd8d0_0 .net *"_s14", 0 0, L_0x564ffb0d5980;  1 drivers
v0x564ffb0cd9b0_0 .net *"_s16", 0 0, L_0x564ffb0d5a40;  1 drivers
v0x564ffb0cda70_0 .net *"_s18", 0 0, L_0x564ffb0d5b90;  1 drivers
v0x564ffb0cdb50_0 .net *"_s20", 0 0, L_0x564ffb0d5c50;  1 drivers
v0x564ffb0cdc80_0 .net *"_s24", 0 0, L_0x564ffb0d5db0;  1 drivers
v0x564ffb0cdd60_0 .net *"_s26", 0 0, L_0x564ffb0d5e70;  1 drivers
v0x564ffb0cde40_0 .net *"_s28", 0 0, L_0x564ffb0d5f90;  1 drivers
v0x564ffb0cdf20_0 .net *"_s3", 0 0, L_0x564ffb0d51b0;  1 drivers
v0x564ffb0ce090_0 .net *"_s30", 0 0, L_0x564ffb0d6000;  1 drivers
v0x564ffb0ce170_0 .net *"_s32", 0 0, L_0x564ffb0d6130;  1 drivers
v0x564ffb0ce250_0 .net *"_s34", 0 0, L_0x564ffb0d6240;  1 drivers
v0x564ffb0ce330_0 .net *"_s36", 0 0, L_0x564ffb0d60c0;  1 drivers
v0x564ffb0ce410_0 .net *"_s38", 0 0, L_0x564ffb0d63c0;  1 drivers
v0x564ffb0ce4f0_0 .net *"_s40", 0 0, L_0x564ffb0d6510;  1 drivers
v0x564ffb0ce5d0_0 .net *"_s45", 0 0, L_0x564ffb0d6800;  1 drivers
v0x564ffb0ce6b0_0 .net *"_s47", 0 0, L_0x564ffb0d6960;  1 drivers
v0x564ffb0ce790_0 .net *"_s49", 0 0, L_0x564ffb0d6a20;  1 drivers
v0x564ffb0ce870_0 .net *"_s51", 0 0, L_0x564ffb0d6b90;  1 drivers
v0x564ffb0ce950_0 .net *"_s53", 0 0, L_0x564ffb0d6c00;  1 drivers
v0x564ffb0cea30_0 .net *"_s55", 0 0, L_0x564ffb0d6dd0;  1 drivers
v0x564ffb0ceb10_0 .net *"_s57", 0 0, L_0x564ffb0d6e40;  1 drivers
v0x564ffb0cebf0_0 .net *"_s59", 0 0, L_0x564ffb0d6fd0;  1 drivers
v0x564ffb0cecd0_0 .net *"_s6", 0 0, L_0x564ffb0d5750;  1 drivers
v0x564ffb0cedb0_0 .net *"_s61", 0 0, L_0x564ffb0d7120;  1 drivers
v0x564ffb0cee90_0 .net *"_s63", 0 0, L_0x564ffb0d72c0;  1 drivers
v0x564ffb0cef70_0 .net *"_s65", 0 0, L_0x564ffb0d73c0;  1 drivers
v0x564ffb0cf050_0 .net *"_s67", 0 0, L_0x564ffb0d7520;  1 drivers
v0x564ffb0cf130_0 .net *"_s69", 0 0, L_0x564ffb0d7670;  1 drivers
v0x564ffb0cf210_0 .net *"_s71", 0 0, L_0x564ffb0d77e0;  1 drivers
v0x564ffb0cf2f0_0 .net *"_s73", 0 0, L_0x564ffb0d7940;  1 drivers
v0x564ffb0cf3d0_0 .net *"_s75", 0 0, L_0x564ffb0d7ac0;  1 drivers
v0x564ffb0cf4b0_0 .net *"_s79", 0 0, L_0x564ffb0d7da0;  1 drivers
v0x564ffb0cf7a0_0 .net *"_s8", 0 0, L_0x564ffb0d5850;  1 drivers
v0x564ffb0cf880_0 .net *"_s81", 0 0, L_0x564ffb0d7e10;  1 drivers
v0x564ffb0cf960_0 .net *"_s83", 0 0, L_0x564ffb0d7c80;  1 drivers
v0x564ffb0cfa40_0 .net *"_s85", 0 0, L_0x564ffb0d7cf0;  1 drivers
v0x564ffb0cfb20_0 .net *"_s87", 0 0, L_0x564ffb0d81e0;  1 drivers
v0x564ffb0cfc00_0 .net *"_s89", 0 0, L_0x564ffb0d82a0;  1 drivers
v0x564ffb0cfce0_0 .net *"_s91", 0 0, L_0x564ffb0d8460;  1 drivers
v0x564ffb0cfdc0_0 .net *"_s93", 0 0, L_0x564ffb0d8630;  1 drivers
v0x564ffb0cfea0_0 .net "c0", 0 0, v0x564ffb0d15d0_0;  alias, 1 drivers
v0x564ffb0cff60_0 .net "carry", 4 0, L_0x564ffb0d6620;  alias, 1 drivers
v0x564ffb0d0040_0 .net "g0", 0 0, L_0x564ffb0d89f0;  1 drivers
v0x564ffb0d0100_0 .net "g1", 0 0, L_0x564ffb0d8c20;  1 drivers
v0x564ffb0d01c0_0 .net "g2", 0 0, L_0x564ffb0d8b80;  1 drivers
v0x564ffb0d0280_0 .net "g3", 0 0, L_0x564ffb0d9000;  1 drivers
v0x564ffb0d0340_0 .net "gg", 0 0, L_0x564ffb0d8850;  alias, 1 drivers
v0x564ffb0d0400_0 .net "p0", 0 0, L_0x564ffb0d68c0;  1 drivers
v0x564ffb0d04c0_0 .net "p1", 0 0, L_0x564ffb0d8ae0;  1 drivers
v0x564ffb0d0580_0 .net "p2", 0 0, L_0x564ffb0d8cc0;  1 drivers
v0x564ffb0d0640_0 .net "p3", 0 0, L_0x564ffb0d8ea0;  1 drivers
v0x564ffb0d0700_0 .net "pg", 0 0, L_0x564ffb0d7b80;  alias, 1 drivers
LS_0x564ffb0d6620_0_0 .concat8 [ 1 1 1 1], L_0x564ffb0d51b0, L_0x564ffb0d5850, L_0x564ffb0d5c50, L_0x564ffb0d6510;
LS_0x564ffb0d6620_0_4 .concat8 [ 1 0 0 0], L_0x564ffb0d77e0;
L_0x564ffb0d6620 .concat8 [ 4 1 0 0], LS_0x564ffb0d6620_0_0, LS_0x564ffb0d6620_0_4;
    .scope S_0x564ffb05f560;
T_0 ;
    %wait E_0x564ffb067500;
    %load/vec4 v0x564ffb0d1290_0;
    %load/vec4 v0x564ffb0d14f0_0;
    %cmp/e;
    %jmp/0xz  T_0.0, 4;
    %pushi/vec4 1, 0, 1;
    %store/vec4 v0x564ffb0d1c70_0, 0, 1;
    %jmp T_0.1;
T_0.0 ;
    %pushi/vec4 0, 0, 1;
    %store/vec4 v0x564ffb0d1c70_0, 0, 1;
T_0.1 ;
    %jmp T_0;
    .thread T_0, $push;
    .scope S_0x564ffb05f560;
T_1 ;
    %wait E_0x564ffb032a90;
    %load/vec4 v0x564ffb0d1450_0;
    %dup/vec4;
    %pushi/vec4 0, 0, 4;
    %cmp/u;
    %jmp/1 T_1.0, 6;
    %dup/vec4;
    %pushi/vec4 1, 0, 4;
    %cmp/u;
    %jmp/1 T_1.1, 6;
    %dup/vec4;
    %pushi/vec4 2, 0, 4;
    %cmp/u;
    %jmp/1 T_1.2, 6;
    %dup/vec4;
    %pushi/vec4 3, 0, 4;
    %cmp/u;
    %jmp/1 T_1.3, 6;
    %dup/vec4;
    %pushi/vec4 4, 0, 4;
    %cmp/u;
    %jmp/1 T_1.4, 6;
    %dup/vec4;
    %pushi/vec4 5, 0, 4;
    %cmp/u;
    %jmp/1 T_1.5, 6;
    %dup/vec4;
    %pushi/vec4 6, 0, 4;
    %cmp/u;
    %jmp/1 T_1.6, 6;
    %dup/vec4;
    %pushi/vec4 7, 0, 4;
    %cmp/u;
    %jmp/1 T_1.7, 6;
    %dup/vec4;
    %pushi/vec4 8, 0, 4;
    %cmp/u;
    %jmp/1 T_1.8, 6;
    %dup/vec4;
    %pushi/vec4 9, 0, 4;
    %cmp/u;
    %jmp/1 T_1.9, 6;
    %dup/vec4;
    %pushi/vec4 10, 0, 4;
    %cmp/u;
    %jmp/1 T_1.10, 6;
    %dup/vec4;
    %pushi/vec4 11, 0, 4;
    %cmp/u;
    %jmp/1 T_1.11, 6;
    %dup/vec4;
    %pushi/vec4 12, 0, 4;
    %cmp/u;
    %jmp/1 T_1.12, 6;
    %dup/vec4;
    %pushi/vec4 13, 0, 4;
    %cmp/u;
    %jmp/1 T_1.13, 6;
    %dup/vec4;
    %pushi/vec4 14, 0, 4;
    %cmp/u;
    %jmp/1 T_1.14, 6;
    %dup/vec4;
    %pushi/vec4 15, 0, 4;
    %cmp/u;
    %jmp/1 T_1.15, 6;
    %jmp T_1.16;
T_1.0 ;
    %load/vec4 v0x564ffb0d1920_0;
    %flag_set/vec4 8;
    %jmp/0xz  T_1.17, 8;
    %load/vec4 v0x564ffb0d1290_0;
    %inv;
    %store/vec4 v0x564ffb0d1dd0_0, 0, 4;
    %pushi/vec4 0, 0, 4;
    %store/vec4 v0x564ffb0d1e90_0, 0, 4;
    %pushi/vec4 0, 0, 1;
    %store/vec4 v0x564ffb0d15d0_0, 0, 1;
    %jmp T_1.18;
T_1.17 ;
    %load/vec4 v0x564ffb0d1290_0;
    %store/vec4 v0x564ffb0d1dd0_0, 0, 4;
    %pushi/vec4 0, 0, 4;
    %store/vec4 v0x564ffb0d1e90_0, 0, 4;
    %load/vec4 v0x564ffb0d1b10_0;
    %inv;
    %store/vec4 v0x564ffb0d15d0_0, 0, 1;
T_1.18 ;
    %jmp T_1.16;
T_1.1 ;
    %load/vec4 v0x564ffb0d1920_0;
    %flag_set/vec4 8;
    %jmp/0xz  T_1.19, 8;
    %load/vec4 v0x564ffb0d1290_0;
    %load/vec4 v0x564ffb0d14f0_0;
    %or;
    %inv;
    %store/vec4 v0x564ffb0d1dd0_0, 0, 4;
    %pushi/vec4 0, 0, 4;
    %store/vec4 v0x564ffb0d1e90_0, 0, 4;
    %pushi/vec4 0, 0, 1;
    %store/vec4 v0x564ffb0d15d0_0, 0, 1;
    %jmp T_1.20;
T_1.19 ;
    %load/vec4 v0x564ffb0d1290_0;
    %store/vec4 v0x564ffb0d1dd0_0, 0, 4;
    %load/vec4 v0x564ffb0d14f0_0;
    %store/vec4 v0x564ffb0d1e90_0, 0, 4;
    %load/vec4 v0x564ffb0d1b10_0;
    %inv;
    %store/vec4 v0x564ffb0d15d0_0, 0, 1;
T_1.20 ;
    %jmp T_1.16;
T_1.2 ;
    %load/vec4 v0x564ffb0d1920_0;
    %flag_set/vec4 8;
    %jmp/0xz  T_1.21, 8;
    %load/vec4 v0x564ffb0d1290_0;
    %inv;
    %load/vec4 v0x564ffb0d14f0_0;
    %and;
    %store/vec4 v0x564ffb0d1dd0_0, 0, 4;
    %pushi/vec4 0, 0, 4;
    %store/vec4 v0x564ffb0d1e90_0, 0, 4;
    %pushi/vec4 0, 0, 1;
    %store/vec4 v0x564ffb0d15d0_0, 0, 1;
    %jmp T_1.22;
T_1.21 ;
    %load/vec4 v0x564ffb0d1290_0;
    %store/vec4 v0x564ffb0d1dd0_0, 0, 4;
    %load/vec4 v0x564ffb0d14f0_0;
    %inv;
    %store/vec4 v0x564ffb0d1e90_0, 0, 4;
    %load/vec4 v0x564ffb0d1b10_0;
    %inv;
    %store/vec4 v0x564ffb0d15d0_0, 0, 1;
T_1.22 ;
    %jmp T_1.16;
T_1.3 ;
    %load/vec4 v0x564ffb0d1920_0;
    %flag_set/vec4 8;
    %jmp/0xz  T_1.23, 8;
    %pushi/vec4 0, 0, 4;
    %store/vec4 v0x564ffb0d1dd0_0, 0, 4;
    %pushi/vec4 0, 0, 4;
    %store/vec4 v0x564ffb0d1e90_0, 0, 4;
    %pushi/vec4 0, 0, 1;
    %store/vec4 v0x564ffb0d15d0_0, 0, 1;
    %jmp T_1.24;
T_1.23 ;
    %pushi/vec4 15, 0, 4;
    %store/vec4 v0x564ffb0d1dd0_0, 0, 4;
    %pushi/vec4 0, 0, 4;
    %store/vec4 v0x564ffb0d1e90_0, 0, 4;
    %load/vec4 v0x564ffb0d1b10_0;
    %inv;
    %store/vec4 v0x564ffb0d15d0_0, 0, 1;
T_1.24 ;
    %jmp T_1.16;
T_1.4 ;
    %load/vec4 v0x564ffb0d1920_0;
    %flag_set/vec4 8;
    %jmp/0xz  T_1.25, 8;
    %load/vec4 v0x564ffb0d1290_0;
    %load/vec4 v0x564ffb0d14f0_0;
    %and;
    %inv;
    %store/vec4 v0x564ffb0d1dd0_0, 0, 4;
    %pushi/vec4 0, 0, 4;
    %store/vec4 v0x564ffb0d1e90_0, 0, 4;
    %pushi/vec4 0, 0, 1;
    %store/vec4 v0x564ffb0d15d0_0, 0, 1;
    %jmp T_1.26;
T_1.25 ;
    %load/vec4 v0x564ffb0d1290_0;
    %store/vec4 v0x564ffb0d1dd0_0, 0, 4;
    %load/vec4 v0x564ffb0d1290_0;
    %load/vec4 v0x564ffb0d14f0_0;
    %inv;
    %and;
    %store/vec4 v0x564ffb0d1e90_0, 0, 4;
    %load/vec4 v0x564ffb0d1b10_0;
    %inv;
    %store/vec4 v0x564ffb0d15d0_0, 0, 1;
T_1.26 ;
    %jmp T_1.16;
T_1.5 ;
    %load/vec4 v0x564ffb0d1920_0;
    %flag_set/vec4 8;
    %jmp/0xz  T_1.27, 8;
    %load/vec4 v0x564ffb0d14f0_0;
    %inv;
    %store/vec4 v0x564ffb0d1dd0_0, 0, 4;
    %pushi/vec4 0, 0, 4;
    %store/vec4 v0x564ffb0d1e90_0, 0, 4;
    %pushi/vec4 0, 0, 1;
    %store/vec4 v0x564ffb0d15d0_0, 0, 1;
    %jmp T_1.28;
T_1.27 ;
    %load/vec4 v0x564ffb0d1290_0;
    %load/vec4 v0x564ffb0d14f0_0;
    %or;
    %store/vec4 v0x564ffb0d1dd0_0, 0, 4;
    %load/vec4 v0x564ffb0d1290_0;
    %load/vec4 v0x564ffb0d14f0_0;
    %inv;
    %and;
    %store/vec4 v0x564ffb0d1e90_0, 0, 4;
    %load/vec4 v0x564ffb0d1b10_0;
    %inv;
    %store/vec4 v0x564ffb0d15d0_0, 0, 1;
T_1.28 ;
    %jmp T_1.16;
T_1.6 ;
    %load/vec4 v0x564ffb0d1920_0;
    %flag_set/vec4 8;
    %jmp/0xz  T_1.29, 8;
    %load/vec4 v0x564ffb0d1290_0;
    %load/vec4 v0x564ffb0d14f0_0;
    %xor;
    %store/vec4 v0x564ffb0d1dd0_0, 0, 4;
    %pushi/vec4 0, 0, 4;
    %store/vec4 v0x564ffb0d1e90_0, 0, 4;
    %pushi/vec4 0, 0, 1;
    %store/vec4 v0x564ffb0d15d0_0, 0, 1;
    %jmp T_1.30;
T_1.29 ;
    %load/vec4 v0x564ffb0d1290_0;
    %store/vec4 v0x564ffb0d1dd0_0, 0, 4;
    %load/vec4 v0x564ffb0d14f0_0;
    %addi 1, 0, 4;
    %store/vec4 v0x564ffb0d1e90_0, 0, 4;
    %load/vec4 v0x564ffb0d1b10_0;
    %inv;
    %store/vec4 v0x564ffb0d15d0_0, 0, 1;
T_1.30 ;
    %jmp T_1.16;
T_1.7 ;
    %load/vec4 v0x564ffb0d1920_0;
    %flag_set/vec4 8;
    %jmp/0xz  T_1.31, 8;
    %load/vec4 v0x564ffb0d1290_0;
    %load/vec4 v0x564ffb0d14f0_0;
    %inv;
    %and;
    %store/vec4 v0x564ffb0d1dd0_0, 0, 4;
    %pushi/vec4 0, 0, 4;
    %store/vec4 v0x564ffb0d1e90_0, 0, 4;
    %pushi/vec4 0, 0, 1;
    %store/vec4 v0x564ffb0d15d0_0, 0, 1;
    %jmp T_1.32;
T_1.31 ;
    %load/vec4 v0x564ffb0d1290_0;
    %load/vec4 v0x564ffb0d14f0_0;
    %and;
    %store/vec4 v0x564ffb0d1dd0_0, 0, 4;
    %pushi/vec4 15, 0, 4;
    %store/vec4 v0x564ffb0d1e90_0, 0, 4;
    %load/vec4 v0x564ffb0d1b10_0;
    %inv;
    %store/vec4 v0x564ffb0d15d0_0, 0, 1;
T_1.32 ;
    %jmp T_1.16;
T_1.8 ;
    %load/vec4 v0x564ffb0d1920_0;
    %flag_set/vec4 8;
    %jmp/0xz  T_1.33, 8;
    %load/vec4 v0x564ffb0d1290_0;
    %inv;
    %load/vec4 v0x564ffb0d14f0_0;
    %or;
    %store/vec4 v0x564ffb0d1dd0_0, 0, 4;
    %pushi/vec4 0, 0, 4;
    %store/vec4 v0x564ffb0d1e90_0, 0, 4;
    %pushi/vec4 0, 0, 1;
    %store/vec4 v0x564ffb0d15d0_0, 0, 1;
    %jmp T_1.34;
T_1.33 ;
    %load/vec4 v0x564ffb0d1290_0;
    %load/vec4 v0x564ffb0d14f0_0;
    %and;
    %store/vec4 v0x564ffb0d1dd0_0, 0, 4;
    %load/vec4 v0x564ffb0d1290_0;
    %store/vec4 v0x564ffb0d1e90_0, 0, 4;
    %load/vec4 v0x564ffb0d1b10_0;
    %inv;
    %store/vec4 v0x564ffb0d15d0_0, 0, 1;
T_1.34 ;
    %jmp T_1.16;
T_1.9 ;
    %load/vec4 v0x564ffb0d1920_0;
    %flag_set/vec4 8;
    %jmp/0xz  T_1.35, 8;
    %load/vec4 v0x564ffb0d1290_0;
    %inv;
    %load/vec4 v0x564ffb0d14f0_0;
    %inv;
    %xor;
    %store/vec4 v0x564ffb0d1dd0_0, 0, 4;
    %pushi/vec4 0, 0, 4;
    %store/vec4 v0x564ffb0d1e90_0, 0, 4;
    %pushi/vec4 0, 0, 1;
    %store/vec4 v0x564ffb0d15d0_0, 0, 1;
    %jmp T_1.36;
T_1.35 ;
    %load/vec4 v0x564ffb0d1290_0;
    %store/vec4 v0x564ffb0d1dd0_0, 0, 4;
    %load/vec4 v0x564ffb0d14f0_0;
    %store/vec4 v0x564ffb0d1e90_0, 0, 4;
    %load/vec4 v0x564ffb0d1b10_0;
    %inv;
    %store/vec4 v0x564ffb0d15d0_0, 0, 1;
T_1.36 ;
    %jmp T_1.16;
T_1.10 ;
    %load/vec4 v0x564ffb0d1920_0;
    %flag_set/vec4 8;
    %jmp/0xz  T_1.37, 8;
    %pushi/vec4 0, 0, 4;
    %store/vec4 v0x564ffb0d1dd0_0, 0, 4;
    %load/vec4 v0x564ffb0d14f0_0;
    %store/vec4 v0x564ffb0d1e90_0, 0, 4;
    %pushi/vec4 0, 0, 1;
    %store/vec4 v0x564ffb0d15d0_0, 0, 1;
    %jmp T_1.38;
T_1.37 ;
    %load/vec4 v0x564ffb0d1290_0;
    %load/vec4 v0x564ffb0d14f0_0;
    %inv;
    %or;
    %store/vec4 v0x564ffb0d1dd0_0, 0, 4;
    %load/vec4 v0x564ffb0d1290_0;
    %load/vec4 v0x564ffb0d14f0_0;
    %and;
    %store/vec4 v0x564ffb0d1e90_0, 0, 4;
    %load/vec4 v0x564ffb0d1b10_0;
    %inv;
    %store/vec4 v0x564ffb0d15d0_0, 0, 1;
T_1.38 ;
    %jmp T_1.16;
T_1.11 ;
    %load/vec4 v0x564ffb0d1920_0;
    %flag_set/vec4 8;
    %jmp/0xz  T_1.39, 8;
    %load/vec4 v0x564ffb0d1290_0;
    %load/vec4 v0x564ffb0d14f0_0;
    %and;
    %store/vec4 v0x564ffb0d1dd0_0, 0, 4;
    %pushi/vec4 0, 0, 4;
    %store/vec4 v0x564ffb0d1e90_0, 0, 4;
    %pushi/vec4 0, 0, 1;
    %store/vec4 v0x564ffb0d15d0_0, 0, 1;
    %jmp T_1.40;
T_1.39 ;
    %load/vec4 v0x564ffb0d1290_0;
    %load/vec4 v0x564ffb0d14f0_0;
    %and;
    %store/vec4 v0x564ffb0d1dd0_0, 0, 4;
    %pushi/vec4 15, 0, 4;
    %store/vec4 v0x564ffb0d1e90_0, 0, 4;
    %load/vec4 v0x564ffb0d1b10_0;
    %inv;
    %store/vec4 v0x564ffb0d15d0_0, 0, 1;
T_1.40 ;
    %jmp T_1.16;
T_1.12 ;
    %load/vec4 v0x564ffb0d1920_0;
    %flag_set/vec4 8;
    %jmp/0xz  T_1.41, 8;
    %pushi/vec4 0, 0, 4;
    %store/vec4 v0x564ffb0d1dd0_0, 0, 4;
    %pushi/vec4 1, 0, 4;
    %store/vec4 v0x564ffb0d1e90_0, 0, 4;
    %pushi/vec4 0, 0, 1;
    %store/vec4 v0x564ffb0d15d0_0, 0, 1;
    %jmp T_1.42;
T_1.41 ;
    %load/vec4 v0x564ffb0d1290_0;
    %store/vec4 v0x564ffb0d1dd0_0, 0, 4;
    %load/vec4 v0x564ffb0d1290_0;
    %store/vec4 v0x564ffb0d1e90_0, 0, 4;
    %load/vec4 v0x564ffb0d1b10_0;
    %inv;
    %store/vec4 v0x564ffb0d15d0_0, 0, 1;
T_1.42 ;
    %jmp T_1.16;
T_1.13 ;
    %load/vec4 v0x564ffb0d1920_0;
    %flag_set/vec4 8;
    %jmp/0xz  T_1.43, 8;
    %load/vec4 v0x564ffb0d1290_0;
    %load/vec4 v0x564ffb0d14f0_0;
    %inv;
    %or;
    %store/vec4 v0x564ffb0d1dd0_0, 0, 4;
    %pushi/vec4 0, 0, 4;
    %store/vec4 v0x564ffb0d1e90_0, 0, 4;
    %pushi/vec4 0, 0, 1;
    %store/vec4 v0x564ffb0d15d0_0, 0, 1;
    %jmp T_1.44;
T_1.43 ;
    %load/vec4 v0x564ffb0d1290_0;
    %load/vec4 v0x564ffb0d14f0_0;
    %or;
    %store/vec4 v0x564ffb0d1dd0_0, 0, 4;
    %load/vec4 v0x564ffb0d1290_0;
    %store/vec4 v0x564ffb0d1e90_0, 0, 4;
    %load/vec4 v0x564ffb0d1b10_0;
    %inv;
    %store/vec4 v0x564ffb0d15d0_0, 0, 1;
T_1.44 ;
    %jmp T_1.16;
T_1.14 ;
    %load/vec4 v0x564ffb0d1920_0;
    %flag_set/vec4 8;
    %jmp/0xz  T_1.45, 8;
    %load/vec4 v0x564ffb0d1290_0;
    %load/vec4 v0x564ffb0d14f0_0;
    %and;
    %store/vec4 v0x564ffb0d1dd0_0, 0, 4;
    %pushi/vec4 0, 0, 4;
    %store/vec4 v0x564ffb0d1e90_0, 0, 4;
    %pushi/vec4 0, 0, 1;
    %store/vec4 v0x564ffb0d15d0_0, 0, 1;
    %jmp T_1.46;
T_1.45 ;
    %load/vec4 v0x564ffb0d1290_0;
    %load/vec4 v0x564ffb0d14f0_0;
    %and;
    %store/vec4 v0x564ffb0d1dd0_0, 0, 4;
    %load/vec4 v0x564ffb0d1290_0;
    %store/vec4 v0x564ffb0d1e90_0, 0, 4;
    %load/vec4 v0x564ffb0d1b10_0;
    %inv;
    %store/vec4 v0x564ffb0d15d0_0, 0, 1;
T_1.46 ;
    %jmp T_1.16;
T_1.15 ;
    %load/vec4 v0x564ffb0d1920_0;
    %flag_set/vec4 8;
    %jmp/0xz  T_1.47, 8;
    %load/vec4 v0x564ffb0d1290_0;
    %store/vec4 v0x564ffb0d1dd0_0, 0, 4;
    %pushi/vec4 0, 0, 4;
    %store/vec4 v0x564ffb0d1e90_0, 0, 4;
    %pushi/vec4 0, 0, 1;
    %store/vec4 v0x564ffb0d15d0_0, 0, 1;
    %jmp T_1.48;
T_1.47 ;
    %load/vec4 v0x564ffb0d1290_0;
    %load/vec4 v0x564ffb0d14f0_0;
    %inv;
    %or;
    %store/vec4 v0x564ffb0d1dd0_0, 0, 4;
    %load/vec4 v0x564ffb0d1290_0;
    %store/vec4 v0x564ffb0d1e90_0, 0, 4;
    %load/vec4 v0x564ffb0d1b10_0;
    %inv;
    %store/vec4 v0x564ffb0d15d0_0, 0, 1;
T_1.48 ;
    %jmp T_1.16;
T_1.16 ;
    %pop/vec4 1;
    %jmp T_1;
    .thread T_1, $push;
    .scope S_0x564ffb0a3f10;
T_2 ;
    %vpi_call 2 22 "$dumpfile", "test.vcd" {0 0 0};
    %vpi_call 2 23 "$dumpvars" {0 0 0};
    %pushi/vec4 13, 0, 4;
    %store/vec4 v0x564ffb0d20b0_0, 0, 4;
    %pushi/vec4 5, 0, 4;
    %store/vec4 v0x564ffb0d2230_0, 0, 4;
    %pushi/vec4 1, 0, 1;
    %store/vec4 v0x564ffb0d2700_0, 0, 1;
    %pushi/vec4 1, 0, 1;
    %store/vec4 v0x564ffb0d2590_0, 0, 1;
    %pushi/vec4 0, 0, 4;
    %store/vec4 v0x564ffb0d2190_0, 0, 4;
    %vpi_call 2 30 "$monitor", "A = %b, B = %b, ALU_Select = %b, Cn = %b, M = %b, F = %b, eq_check = %b, cout = %b", v0x564ffb0d20b0_0, v0x564ffb0d2230_0, v0x564ffb0d2190_0, v0x564ffb0d2700_0, v0x564ffb0d2590_0, v0x564ffb0d2400_0, v0x564ffb0d2860_0, v0x564ffb0d2330_0 {0 0 0};
    %pushi/vec4 0, 0, 32;
    %store/vec4 v0x564ffb0d2930_0, 0, 32;
T_2.0 ;
    %load/vec4 v0x564ffb0d2930_0;
    %cmpi/s 15, 0, 32;
    %flag_or 5, 4;
    %jmp/0xz T_2.1, 5;
    %load/vec4 v0x564ffb0d2190_0;
    %pad/u 8;
    %addi 1, 0, 8;
    %pad/u 4;
    %store/vec4 v0x564ffb0d2190_0, 0, 4;
    %load/vec4 v0x564ffb0d2590_0;
    %inv;
    %store/vec4 v0x564ffb0d2590_0, 0, 1;
    %delay 10, 0;
    %load/vec4 v0x564ffb0d2930_0;
    %addi 1, 0, 32;
    %store/vec4 v0x564ffb0d2930_0, 0, 32;
    %jmp T_2.0;
T_2.1 ;
    %end;
    .thread T_2;
# The file index is used to find the file name in the following table.
:file_names 4;
    "N/A";
    "<interactive>";
    "testbench.sv";
    "alu4BIT.sv";
