#! /usr/bin/vvp
:ivl_version "10.3 (stable)";
:ivl_delay_selection "TYPICAL";
:vpi_time_precision + 0;
:vpi_module "system";
:vpi_module "vhdl_sys";
:vpi_module "v2005_math";
:vpi_module "va_math";
S_0x5565405f60d0 .scope module, "tst" "tst" 2 6;
 .timescale 0 0;
v0x556540642b10_0 .var "clk", 0 0;
v0x556540642bd0_0 .net "out", 0 0, v0x556540642730_0;  1 drivers
v0x556540642ca0_0 .var "pos", 2 0;
v0x556540642d70_0 .var "reset", 0 0;
v0x556540642e40_0 .var "x", 7 0;
L_0x556540642f30 .part/v v0x556540642e40_0, v0x556540642ca0_0, 1;
S_0x5565405f6250 .scope module, "m1" "two_complement" 2 11, 3 6 0, S_0x5565405f60d0;
 .timescale 0 0;
    .port_info 0 /INPUT 1 "clk"
    .port_info 1 /INPUT 1 "reset"
    .port_info 2 /INPUT 1 "x"
    .port_info 3 /OUTPUT 1 "out"
P_0x556540608dc0 .param/l "S0" 0 3 9, +C4<00000000000000000000000000000000>;
P_0x556540608e00 .param/l "S1" 0 3 10, +C4<00000000000000000000000000000001>;
v0x55654062ed70_0 .net "clk", 0 0, v0x556540642b10_0;  1 drivers
v0x556540642670_0 .var "next_state", 0 0;
v0x556540642730_0 .var "out", 0 0;
v0x556540642800_0 .net "reset", 0 0, v0x556540642d70_0;  1 drivers
v0x5565406428c0_0 .var "state", 0 0;
v0x5565406429d0_0 .net "x", 0 0, L_0x556540642f30;  1 drivers
E_0x55654062f1d0 .event edge, v0x5565406428c0_0, v0x5565406429d0_0;
E_0x55654062f9b0 .event posedge, v0x556540642800_0, v0x55654062ed70_0;
    .scope S_0x5565405f6250;
T_0 ;
    %wait E_0x55654062f9b0;
    %load/vec4 v0x556540642800_0;
    %flag_set/vec4 8;
    %jmp/0xz  T_0.0, 8;
    %pushi/vec4 0, 0, 1;
    %assign/vec4 v0x5565406428c0_0, 0;
    %jmp T_0.1;
T_0.0 ;
    %load/vec4 v0x556540642670_0;
    %assign/vec4 v0x5565406428c0_0, 0;
T_0.1 ;
    %jmp T_0;
    .thread T_0;
    .scope S_0x5565405f6250;
T_1 ;
    %wait E_0x55654062f1d0;
    %load/vec4 v0x5565406428c0_0;
    %dup/vec4;
    %pushi/vec4 0, 0, 1;
    %cmp/u;
    %jmp/1 T_1.0, 6;
    %dup/vec4;
    %pushi/vec4 1, 0, 1;
    %cmp/u;
    %jmp/1 T_1.1, 6;
    %jmp T_1.2;
T_1.0 ;
    %load/vec4 v0x5565406429d0_0;
    %flag_set/vec4 8;
    %jmp/0xz  T_1.3, 8;
    %pushi/vec4 1, 0, 1;
    %assign/vec4 v0x556540642670_0, 0;
    %pushi/vec4 1, 0, 1;
    %assign/vec4 v0x556540642730_0, 0;
    %jmp T_1.4;
T_1.3 ;
    %pushi/vec4 0, 0, 1;
    %assign/vec4 v0x556540642670_0, 0;
    %pushi/vec4 0, 0, 1;
    %assign/vec4 v0x556540642730_0, 0;
T_1.4 ;
    %jmp T_1.2;
T_1.1 ;
    %load/vec4 v0x5565406429d0_0;
    %flag_set/vec4 8;
    %jmp/0xz  T_1.5, 8;
    %pushi/vec4 1, 0, 1;
    %assign/vec4 v0x556540642670_0, 0;
    %pushi/vec4 0, 0, 1;
    %assign/vec4 v0x556540642730_0, 0;
    %jmp T_1.6;
T_1.5 ;
    %pushi/vec4 1, 0, 1;
    %assign/vec4 v0x556540642670_0, 0;
    %pushi/vec4 1, 0, 1;
    %assign/vec4 v0x556540642730_0, 0;
T_1.6 ;
    %jmp T_1.2;
T_1.2 ;
    %pop/vec4 1;
    %jmp T_1;
    .thread T_1, $push;
    .scope S_0x5565405f60d0;
T_2 ;
    %vpi_call 2 13 "$monitor", "time = %t        x = %b, pos = %d , out = %b", $time, v0x556540642e40_0, v0x556540642ca0_0, v0x556540642bd0_0 {0 0 0};
    %pushi/vec4 84, 0, 8;
    %store/vec4 v0x556540642e40_0, 0, 8;
    %pushi/vec4 0, 0, 3;
    %store/vec4 v0x556540642ca0_0, 0, 3;
    %pushi/vec4 1, 0, 1;
    %store/vec4 v0x556540642d70_0, 0, 1;
    %pushi/vec4 1, 0, 1;
    %store/vec4 v0x556540642b10_0, 0, 1;
    %delay 2, 0;
    %pushi/vec4 0, 0, 1;
    %store/vec4 v0x556540642d70_0, 0, 1;
    %delay 75, 0;
    %vpi_call 2 19 "$finish" {0 0 0};
    %end;
    .thread T_2;
    .scope S_0x5565405f60d0;
T_3 ;
    %delay 5, 0;
    %load/vec4 v0x556540642b10_0;
    %inv;
    %store/vec4 v0x556540642b10_0, 0, 1;
    %jmp T_3;
    .thread T_3;
    .scope S_0x5565405f60d0;
T_4 ;
    %delay 10, 0;
    %load/vec4 v0x556540642ca0_0;
    %addi 1, 0, 3;
    %store/vec4 v0x556540642ca0_0, 0, 3;
    %jmp T_4;
    .thread T_4;
# The file index is used to find the file name in the following table.
:file_names 4;
    "N/A";
    "<interactive>";
    "test_bench_a.v";
    "two_s_complement.v";
